<?xml version="1.0" encoding="UTF-8"?>
<!-- Generated by org.testng.reporters.JUnitReportReporter -->
<testsuite hostname="DESKTOP-2M5CEH6" failures="0" tests="1" name="Testng.SampleTest" time="0.009" errors="0" timestamp="2022-03-25T06:29:32 IST" skipped="0">
  <testcase classname="Testng.SampleTest" name="f" time="0.009"/>
  <system-out/>
</testsuite> <!-- Testng.SampleTest -->
